<?xml version="1.0" encoding="UTF-8"?>
<!-- Generated by org.testng.reporters.JUnitReportReporter -->
<testsuite skipped="0" hostname="Chetuiwk1317" name="app.modules.Login" tests="1" failures="0" timestamp="23 Jun 2017 12:07:00 GMT" time="2.810" errors="0">
  <testcase name="login" time="2.810" classname="app.modules.Login"/>
</testsuite> <!-- app.modules.Login -->
