<?xml version="1.0" encoding="UTF-8"?>
<!-- Generated by org.testng.reporters.JUnitReportReporter -->
<testsuite skipped="0" hostname="Chetuiwk1317" name="app.modules.About" tests="1" failures="0" timestamp="23 Jun 2017 12:03:08 GMT" time="0.346" errors="0">
  <testcase name="getAbout" time="0.346" classname="app.modules.About"/>
</testsuite> <!-- app.modules.About -->
